0 info it worked if it ends with ok
1 verbose cli [ '/usr/local/Cellar/node/7.0.0/bin/node',
1 verbose cli   '/usr/local/bin/npm',
1 verbose cli   'version',
1 verbose cli   'major' ]
2 info using npm@3.10.8
3 info using node@v7.0.0
4 error version No valid package.json found
5 verbose stack Error: Error: ENOENT: no such file or directory, open '/Users/michaelcalvey/code/projects/qNode/package.json'
5 verbose stack     at ReadFileContext.<anonymous> (/usr/local/lib/node_modules/npm/lib/version.js:111:23)
5 verbose stack     at ReadFileContext.callback (/usr/local/lib/node_modules/npm/node_modules/graceful-fs/graceful-fs.js:78:16)
5 verbose stack     at FSReqWrap.readFileAfterOpen [as oncomplete] (fs.js:335:13)
6 verbose cwd /Users/michaelcalvey/code/projects/qNode
7 error Darwin 16.1.0
8 error argv "/usr/local/Cellar/node/7.0.0/bin/node" "/usr/local/bin/npm" "version" "major"
9 error node v7.0.0
10 error npm  v3.10.8
11 error code [ 'Error: ENOENT',
11 error code   'ENOENT',
11 error code   index: 0,
11 error code   input: 'Error: ENOENT: no such file or directory, open \'/Users/michaelcalvey/code/projects/qNode/package.json\'' ]
12 error Error: ENOENT: no such file or directory, open '/Users/michaelcalvey/code/projects/qNode/package.json'
13 error If you need help, you may report this error at:
13 error     <https://github.com/npm/npm/issues>
14 verbose exit [ 1, true ]
